[2025-11-16 15:04:53,904] [INFO] [__main__] Iniciando Coleta de Dados do DEG (máximo possível)
[2025-11-16 15:04:53,905] [INFO] [webscraping.deg_scraper] Iniciando scraping do DEG com a busca 'unb'...
[2025-11-16 15:04:53,906] [INFO] [webscraping.deg_scraper] --- Processando página 1 de resultados do DEG ---
[2025-11-16 15:04:55,013] [INFO] [webscraping.deg_scraper] Processando: 'Mostra de Cursos UnB 2025
[2025-11-16 15:04:56,536] [INFO] [webscraping.deg_scraper] Processando: 'Revoga a Resolução CEG nº 0003/2022 e normatiza a confirmação de curso na UnB – Resolução CEG Nº 0006/2025
[2025-11-16 15:04:58,292] [INFO] [webscraping.deg_scraper] Processando: 'Vem pra UnB
[2025-11-16 15:04:59,885] [INFO] [webscraping.deg_scraper] Processando: 'Agradecimento e Avaliação da Primeira Feira de Oportunidades da UnB
[2025-11-16 15:05:01,386] [INFO] [webscraping.deg_scraper] Processando: 'Edital DEG Nº 36/2025 – Prorrogação da Vigência do Edital de Tutoria para Ingressantes pelo Processo Seletivo UnB 60mais
[2025-11-16 15:05:02,885] [INFO] [webscraping.deg_scraper] Processando: 'UnB/DEG Divulga Notas do Enade em Novo Painel Interativo
[2025-11-16 15:05:04,423] [INFO] [webscraping.deg_scraper] Processando: 'Procedimentos quanto à proteção dos direitos autorais, dos direitos de imagem e as autorizações para gravação e divulgação de atividades acadêmicas intelectuais no âmbito dos cursos de graduação na Universidade de Brasília – UnB – Instrução da Câmara de Ensino de Graduação nº 0003/2025
[2025-11-16 15:05:05,905] [INFO] [webscraping.deg_scraper] Processando: 'Edital Conjunto DEG/DAC/SDH Nº 24/2025 – Auxílio Projeto Milton Santos de Acesso ao Ensino Superior (Promisaes) para 2025/2 – Programa Estudante-Convênio de Graduação (PEC-G) – UnB
[2025-11-16 15:05:07,399] [INFO] [webscraping.deg_scraper] Processando: 'Vencedores da Edição 2024 do Prêmio Anual de Inovação no Ensino de Graduação da UnB
[2025-11-16 15:05:09,995] [INFO] [webscraping.deg_scraper] Processando: 'UnB Conquista Nota Máxima (5) no IGC do Enade 2023
[2025-11-16 15:05:13,868] [INFO] [webscraping.deg_scraper] --- Processando página 2 de resultados do DEG ---
[2025-11-16 15:05:15,033] [INFO] [webscraping.deg_scraper] Processando: 'Edital de condições Específicas DEG Nº 13/2025 – Subprojeto PIBID Equidade – Educação Bilíngue de Surdos / UnB: Educação Bilíngue de Surdos – Ensino de Libras Como L1 e L2 e de Português Como L2
[2025-11-16 15:05:16,664] [INFO] [webscraping.deg_scraper] Processando: 'Escolas participantes e professores participantes do PIBID/UnB 2022-2024
[2025-11-16 15:05:21,652] [INFO] [webscraping.deg_scraper] Processando: 'Convite Especial – Lançamento do PIBID UnB 2025-2026
[2025-11-16 15:05:26,888] [INFO] [webscraping.deg_scraper] Processando: 'PAS – Comissão de Acompanhamento do Programa de Avaliação Seriada da UnB
[2025-11-16 15:05:28,432] [INFO] [webscraping.deg_scraper] Processando: 'Cursos de Licenciatura da UnB
[2025-11-16 15:05:29,927] [INFO] [webscraping.deg_scraper] Processando: 'Canal UnB+Educação
[2025-11-16 15:05:32,247] [INFO] [webscraping.deg_scraper] Processando: 'Revista Estude na UnB
[2025-11-16 15:05:34,264] [INFO] [webscraping.deg_scraper] Processando: 'Legislações – Documentos Oficiais da UnB
[2025-11-16 15:05:35,946] [INFO] [webscraping.deg_scraper] Processando: 'UnB nas Escolas
[2025-11-16 15:05:37,577] [INFO] [webscraping.deg_scraper] Processando: 'Edital DEG Nº 36/2023 – Apoio a Laboratórios de Ensino de Graduação da UnB
[2025-11-16 15:05:39,136] [INFO] [webscraping.deg_scraper] --- Processando página 3 de resultados do DEG ---
[2025-11-16 15:05:39,705] [INFO] [webscraping.deg_scraper] Processando: 'Edital DEG Nº 12/2023 – Seleção de Cadastro Reserva de Preceptores/as para Compor o Programa Residência Pedagógica na Universidade de Brasília – PRP/UnB
[2025-11-16 15:05:41,684] [INFO] [webscraping.deg_scraper] Processando: 'Edital Conjunto DEG/IDA Nº 008/2023 – Projeto UnB nas Escolas
[2025-11-16 15:05:43,223] [INFO] [webscraping.deg_scraper] Processando: 'Edital DEG Nº 06/2023 – Seleção de Estudantes para Compor Cadastro de Reserva no Programa Residência Pedagógica da Universidade de Brasília – PRP/UnB
[2025-11-16 15:05:44,722] [INFO] [webscraping.deg_scraper] Processando: 'Edital DEG Nº 43/2022 – Seleção de Preceptores do Curso de Química para Compor o Programa Residência Pedagógica na UnB (2022-2024)
[2025-11-16 15:05:44,866] [INFO] [webscraping.deg_scraper] Processando: 'Edital DEG Nº 42/2022 – Seleção Simplificada para Estudantes dos Cursos de Pedagogia e Inglês para Compor o Programa Residência Pedagógica da UnB (2022-2024)
[2025-11-16 15:05:46,319] [INFO] [webscraping.deg_scraper] Processando: 'Edital DEG Nº 38/2022 – Subprojeto de Física do Programa Residência Pedagógica – Seleção de Simplificada de Preceptores/as para Compor o Subprojeto de Física do Programa Residência Pedagógica na Universidade de Brasília – PRP/UNB- 2022-2024
[2025-11-16 15:05:47,837] [INFO] [webscraping.deg_scraper] Processando: 'Edital DEG Nº 33/2022 – Seleção de Preceptores para Compor o Programa Residência Pedagógica na Universidade de Brasília – PRP/UnB
[2025-11-16 15:05:49,322] [INFO] [webscraping.deg_scraper] Processando: 'Edital DEG Nº 30/2022 – Seleção de Estudantes para Compor o Programa Residência Pedagógica na Universidade de Brasília – PRP/UnB
[2025-11-16 15:05:50,855] [INFO] [webscraping.deg_scraper] Processando: 'Edital DEG N° 08/2022 – Publicação do livro: História, debates e perspectivas das Licenciaturas nos 60 anos da UnB
[2025-11-16 15:05:52,321] [INFO] [webscraping.deg_scraper] Processando: 'Edital UAB/UNB Nº 01/2021 – Processo Seletivo Para Coordenador(a)-Geral e Coordenador(a) Adjunto(a) da UAB
[2025-11-16 15:05:53,898] [INFO] [webscraping.deg_scraper] --- Processando página 4 de resultados do DEG ---
[2025-11-16 15:05:54,512] [INFO] [webscraping.deg_scraper] Processando: 'Edital UAB/DEG/UnB Nº 17/2019 Processo Seletivo para Coordenador Geral e Coordenador Adjunto da UAB
[2025-11-16 15:05:56,016] [INFO] [webscraping.deg_scraper] Processando: 'Edital UnB/IE/CIC 001/2018 – Programa de Residência Pedagógica Edital de Seleção de Bolsistas Residentes
[2025-11-16 15:05:57,666] [INFO] [webscraping.deg_scraper] Processando: 'Edital DEG-UnB nº 23/2018 – Seleção de Novos Tutores para o Grupo PET/FÍSICA
[2025-11-16 15:05:59,154] [INFO] [webscraping.deg_scraper] Processando: 'Edital DEG Nº 11/2017 – Seleção de propostas que contribuam para o melhor conhecimento da realidade da graduação na UnB
[2025-11-16 15:06:00,646] [INFO] [webscraping.deg_scraper] Processando: 'Chamada para sugestões de OBRAS para PAS 1- subprograma 2026-2028
[2025-11-16 15:06:02,175] [INFO] [webscraping.deg_scraper] Processando: 'Edital de Condições Específicas DEG Nº 37/2025 – Seleção de Estudantes de Graduação para o Programa Institucional de Bolsas de Iniciação à Docência – Subprojeto Geografia Licenciatura Presencial e EAD
[2025-11-16 15:06:03,718] [INFO] [webscraping.deg_scraper] Processando: 'Sala Mais Votada na Mostra de Cursos 2025!
[2025-11-16 15:06:05,189] [INFO] [webscraping.deg_scraper] Processando: 'Edital Nº 43/2025 – Seleção de Grupos Musicais, Operador/a de Som e Jingle para o X ENALIC
[2025-11-16 15:06:06,690] [INFO] [webscraping.deg_scraper] Processando: 'Edital de Condições Específicas DEG Nº 44/2025 – Seleção de Estudantes de Graduação para o Programa Institucional de Bolsas de Iniciação à Docência – Subprojeto Química
[2025-11-16 15:06:08,194] [INFO] [webscraping.deg_scraper] Processando: 'Boletim das Licenciaturas
[2025-11-16 15:06:09,670] [INFO] [webscraping.deg_scraper] --- Processando página 5 de resultados do DEG ---
[2025-11-16 15:06:10,225] [INFO] [webscraping.deg_scraper] Processando: 'Boletim 2025
[2025-11-16 15:06:11,699] [INFO] [webscraping.deg_scraper] Processando: 'Consulta dos PPCs da Graduação
[2025-11-16 15:06:12,487] [INFO] [webscraping.deg_scraper] Processando: 'Orientações para oferta do 1º semestre de 2026 – Circular Conjunta nº 0008/2025/DEG/SAA
[2025-11-16 15:06:14,068] [INFO] [webscraping.deg_scraper] Processando: 'Novas Funcionalidades e Melhorias no SIGAA no Âmbito da Graduação
[2025-11-16 15:06:15,586] [INFO] [webscraping.deg_scraper] Processando: 'Edital DEG Nº 42/2025 – Mostra de Cursos – 2ª Chamada aos Cursos de Graduação para Participação na Mostra de Cursos 2025
[2025-11-16 15:06:17,075] [INFO] [webscraping.deg_scraper] Processando: 'Edital de Condições Específicas DEG Nº 40/2025 – Seleção de Estudantes de Graduação para o Programa Institucional de Bolsas de Iniciação à Docência – Subprojeto Ciências Naturais
[2025-11-16 15:06:18,547] [INFO] [webscraping.deg_scraper] Processando: 'Página Inicial 2
[2025-11-16 15:06:20,102] [INFO] [webscraping.deg_scraper] Processando: 'Edital DEG Nº 41/Mostra de Cursos 2025 – Chamada aos Cursos de Graduação para Participação na Mostra de Cursos 2025
[2025-11-16 15:06:21,576] [INFO] [webscraping.deg_scraper] Processando: 'Aprova o calendário acadêmico para o ano letivo de 2026 – Resolução do CEPE Nº 0140/2025
[2025-11-16 15:06:23,064] [INFO] [webscraping.deg_scraper] Processando: 'Edital DEG Nº 39/2025 PGD – Processo Seletivo para o Programa de Gestão e Desempenho nas Modalidades Presencial e Teletrabalho
[2025-11-16 15:06:24,551] [INFO] [webscraping.deg_scraper] --- Processando página 6 de resultados do DEG ---
[2025-11-16 15:06:25,062] [INFO] [webscraping.deg_scraper] Processando: 'Ementas, Programas e Planos de Ensino
[2025-11-16 15:06:26,535] [INFO] [webscraping.deg_scraper] Processando: 'Atualiza os procedimentos para aplicação do questionário de avaliação docente pelo discente – Resolução CEG n. 0005/2025
[2025-11-16 15:06:28,020] [INFO] [webscraping.deg_scraper] Processando: 'Edital Conjunto DEG/DAC Nº 38/2025 – Edital de Apoio à Realização de Aulas de Graduação por Estudantes em Situação de Vulnerabilidade Socioeconômica e/ou Risco Social
[2025-11-16 15:06:29,549] [INFO] [webscraping.deg_scraper] Processando: 'Informativos de Anos Anteriores
[2025-11-16 15:06:31,044] [INFO] [webscraping.deg_scraper] Processando: 'Edital de Condições Específicas DEG Nº 35/2025 – Seleção de Estudantes de Graduação para o Programa Institucional de Bolsas de Iniciação à Docência – Subprojeto PIBID Equidade – Educação Bilíngue de Surdos – Ensino de Libras como L1 e L2 e de Português como L2
[2025-11-16 15:06:32,535] [INFO] [webscraping.deg_scraper] Processando: 'Define critérios de distribuição de bolsas da Atividade de Orientação Individual de Monitoria – Instrução Normativa CEG n. 0005/2025
[2025-11-16 15:06:34,047] [INFO] [webscraping.deg_scraper] Processando: 'Edital DEG Nº 34/2025 – Edital de Seleção Simplificada de Bolsistas – Licenciaturas em Movimento – Saberes em Rede 2025-2026
[2025-11-16 15:06:35,546] [INFO] [webscraping.deg_scraper] Processando: 'Edital de Condições Específicas DEG Nº 33/2025 – Seleção de Professores Supervisores para o Programa Institucional de Bolsas de Iniciação à Docência – Subprojeto Física
[2025-11-16 15:06:37,017] [INFO] [webscraping.deg_scraper] Processando: 'Edital de Condições Específicas DEG Nº 32/2025 – Seleção de Estudantes de Graduação para o Programa Institucional de Bolsas de Iniciação à Docência – Subprojeto Física
[2025-11-16 15:06:38,490] [INFO] [webscraping.deg_scraper] Processando: 'Edital de Condições Específicas DEG Nº 31/2025 – Seleção de Estudantes de Graduação para o Programa Institucional de Bolsas de Iniciação à Docência – Subprojeto Teatro
[2025-11-16 15:06:39,985] [INFO] [webscraping.deg_scraper] --- Processando página 7 de resultados do DEG ---
[2025-11-16 15:06:40,490] [INFO] [webscraping.deg_scraper] Processando: 'Feira de Oportunidades
[2025-11-16 15:06:41,977] [INFO] [webscraping.deg_scraper] Processando: 'Forma de contabilização da frequência dos estudantes que realizarem a rematrícula ou matrícula extraordinária após o início do semestre letivo de 2025/2, no âmbito da Universidade de Brasília – Instrução NORMATIVA DO(A) Decanato de Ensino de Graduação Nº 04/2025
[2025-11-16 15:06:42,100] [INFO] [webscraping.deg_scraper] Processando: 'Edital DEG/DAIA nº 29 – Programa de Tutoria de Graduação 2/2025
[2025-11-16 15:06:43,579] [INFO] [webscraping.deg_scraper] Processando: 'Edital de Condições Específicas DEG Nº 30/2025 – Seleção de Estudantes de Graduação para o Programa Institucional de Bolsas de Iniciação à Docência – Subprojeto Música
[2025-11-16 15:06:45,067] [INFO] [webscraping.deg_scraper] Processando: 'Programa de Aprendizagem e Acompanhamento Continuado – Elos – Edital Conjunto Nº 28/DEG/FCTE/2025
[2025-11-16 15:06:46,545] [INFO] [webscraping.deg_scraper] Processando: 'Edital DEG Nº 27/2025 – Seleção de Tutor PET – Psicologia
[2025-11-16 15:06:48,044] [INFO] [webscraping.deg_scraper] Processando: 'Prorrogação do prazo de consolidação das menções do semestre 2025.1 e orientações para o início do semestre 2025.2 – Circular nº 0007/2025/DEG/SAA
[2025-11-16 15:06:49,517] [INFO] [webscraping.deg_scraper] Processando: 'PEI – Procuradoria Educacional Institucional
[2025-11-16 15:06:51,010] [INFO] [webscraping.deg_scraper] Processando: 'Licenciaturas em Movimento – Saberes em Rede 2025-2026 – Edital DEG/DEX Nº 01/2025
[2025-11-16 15:06:52,486] [INFO] [webscraping.deg_scraper] Processando: 'Edital DEG/DEX Nº 01/2025 – Licenciaturas em Movimento – Saberes em Rede 2025-2026
[2025-11-16 15:06:54,105] [INFO] [webscraping.deg_scraper] --- Processando página 8 de resultados do DEG ---
[2025-11-16 15:06:54,609] [INFO] [webscraping.deg_scraper] Processando: 'Todos os Serviços
[2025-11-16 15:06:56,108] [INFO] [webscraping.deg_scraper] Processando: 'Política Integrada da Vida Estudantil
[2025-11-16 15:06:57,621] [INFO] [webscraping.deg_scraper] Processando: 'Trancamento – Instrução quanto ao Art. 11 da Resolução 93/2018, especificamente ao trecho “…ou de situações excepcionais que justifiquem a concessão do trancamento.” – Instrução Normativa CEG n. 0001/2025
[2025-11-16 15:06:59,102] [INFO] [webscraping.deg_scraper] Processando: 'Resultado Acesso Enem
[2025-11-16 15:07:00,635] [INFO] [webscraping.deg_scraper] Processando: 'Legislações – Docente
[2025-11-16 15:07:02,115] [INFO] [webscraping.deg_scraper] Processando: 'Legislações CEG – Câmara de Ensino de Graduação
[2025-11-16 15:07:03,609] [INFO] [webscraping.deg_scraper] Processando: 'Atas – 2025
[2025-11-16 15:07:05,086] [INFO] [webscraping.deg_scraper] Processando: 'Greve dos servidores – Orientações para Comunidade Acadêmica em decorrência da greve dos servidores – Circular Conjunta DEG/SAA nº 0003/2025
[2025-11-16 15:07:06,585] [INFO] [webscraping.deg_scraper] Processando: 'Vagas em Turmas Ofertadas – Orientações para ajuste de vagas em turmas ofertadas e criação de novas turmas antes do período de rematrícula – Circular nº 0002/2025/DEG/SAA
[2025-11-16 15:07:08,052] [INFO] [webscraping.deg_scraper] Processando: 'Informativos de 2024
[2025-11-16 15:07:09,532] [INFO] [webscraping.deg_scraper] --- Processando página 9 de resultados do DEG ---
[2025-11-16 15:07:10,046] [INFO] [webscraping.deg_scraper] Processando: 'Informativos de 2023
[2025-11-16 15:07:10,181] [INFO] [webscraping.deg_scraper] Processando: 'Informativos de 2022
[2025-11-16 15:07:11,656] [INFO] [webscraping.deg_scraper] Processando: 'Informativos de 2021
[2025-11-16 15:07:13,174] [INFO] [webscraping.deg_scraper] Processando: 'Perguntas Frequentes sobre Avaliação de Cursos – Visitas in Loco (e-MEC)
[2025-11-16 15:07:14,661] [INFO] [webscraping.deg_scraper] Processando: 'Avaliação Institucional
[2025-11-16 15:07:16,189] [INFO] [webscraping.deg_scraper] Processando: 'Sinaes
[2025-11-16 15:07:17,678] [INFO] [webscraping.deg_scraper] Processando: 'Informativos 2021
[2025-11-16 15:07:19,161] [INFO] [webscraping.deg_scraper] Processando: 'Notícias
[2025-11-16 15:07:20,681] [INFO] [webscraping.deg_scraper] Processando: 'Editais 2025
[2025-11-16 15:07:22,217] [INFO] [webscraping.deg_scraper] Processando: 'Editais para Docente
[2025-11-16 15:07:23,796] [INFO] [webscraping.deg_scraper] --- Processando página 10 de resultados do DEG ---
[2025-11-16 15:07:24,315] [INFO] [webscraping.deg_scraper] Processando: 'Editais 2022
[2025-11-16 15:07:25,868] [INFO] [webscraping.deg_scraper] Processando: 'Editais 2021
[2025-11-16 15:07:27,403] [INFO] [webscraping.deg_scraper] Processando: 'Editais 2020
[2025-11-16 15:07:28,927] [INFO] [webscraping.deg_scraper] Processando: 'Editais 2019
[2025-11-16 15:07:30,421] [INFO] [webscraping.deg_scraper] Processando: 'Editais 2018
[2025-11-16 15:07:31,958] [INFO] [webscraping.deg_scraper] Processando: 'Editais 2017
[2025-11-16 15:07:33,466] [INFO] [webscraping.deg_scraper] Processando: 'Legislações do PET
[2025-11-16 15:07:34,996] [INFO] [webscraping.deg_scraper] Processando: 'Subprojetos PIBID 2022/2024
[2025-11-16 15:07:36,485] [INFO] [webscraping.deg_scraper] Processando: 'Coordenadores de subprojetos 2022/2024
[2025-11-16 15:07:37,987] [INFO] [webscraping.deg_scraper] Processando: 'Desligamento Voluntário
[2025-11-16 15:07:38,943] [INFO] [webscraping.deg_scraper] --- Processando página 11 de resultados do DEG ---
[2025-11-16 15:07:38,694] [INFO] [webscraping.deg_scraper] Processando: 'Tabela Série Histórica – Licenciaturas em Ação (2020-2024)
[2025-11-16 15:07:40,152] [INFO] [webscraping.deg_scraper] Processando: 'Convênios de Estágio
[2025-11-16 15:07:41,615] [INFO] [webscraping.deg_scraper] Processando: 'Apoio à Participação de Estudantes de Graduação em Eventos no Brasil ou no Exterior
[2025-11-16 15:07:43,106] [INFO] [webscraping.deg_scraper] Processando: 'Lançamento do PIBID 2025-2026
[2025-11-16 15:07:44,583] [INFO] [webscraping.deg_scraper] Processando: 'Aprovados(as) no Primeiro Vestibular 2025
[2025-11-16 15:07:46,071] [INFO] [webscraping.deg_scraper] Processando: 'Superando o Idadismo
[2025-11-16 15:07:47,542] [INFO] [webscraping.deg_scraper] Processando: 'Edital DEG/DAIA Nº 26/2024 – Edital de Apoio à Participação de Estudantes de Graduação em Eventos no Brasil ou no Exterior
[2025-11-16 15:07:49,040] [INFO] [webscraping.deg_scraper] Processando: 'Mostra de Cursos 2024
[2025-11-16 15:07:50,526] [INFO] [webscraping.deg_scraper] Processando: 'Promover Perguntas Frequentes
[2025-11-16 15:07:52,015] [INFO] [webscraping.deg_scraper] Processando: 'Edital Promover Andifes 3ª Edição – Substituída Programa de Mobilidade Virtual em Rede de Instituições Federais de Ensino Superior (Promover Andifes)
[2025-11-16 15:07:53,486] [INFO] [webscraping.deg_scraper] --- Processando página 12 de resultados do DEG ---
[2025-11-16 15:07:54,145] [INFO] [webscraping.deg_scraper] Processando: 'Edital Promover Andifes 2ª Edição
[2025-11-16 15:07:55,637] [INFO] [webscraping.deg_scraper] Processando: 'Programa Promover – Mobilidade Virtual em Rede (Andifes)
[2025-11-16 15:07:57,166] [INFO] [webscraping.deg_scraper] Processando: 'Legislações de Estágio de Graduação
[2025-11-16 15:07:58,651] [INFO] [webscraping.deg_scraper] Processando: 'Licenciaturas em Ação (parceria DEG/DEX)
[2025-11-16 15:08:00,359] [INFO] [webscraping.deg_scraper] Processando: 'CPLic – Coordenação de Projetos Especiais na Licenciatura
[2025-11-16 15:08:01,852] [INFO] [webscraping.deg_scraper] Processando: 'Atas das Reuniões da CEG
[2025-11-16 15:08:03,344] [INFO] [webscraping.deg_scraper] Processando: 'Comissões
[2025-11-16 15:08:04,850] [INFO] [webscraping.deg_scraper] Processando: 'CEG – Câmara de Ensino de Graduação
[2025-11-16 15:08:06,323] [INFO] [webscraping.deg_scraper] Processando: 'CAO – Comissão de Acompanhamento e Orientação
[2025-11-16 15:08:07,835] [INFO] [webscraping.deg_scraper] Processando: 'CLAA – Comitê Local de Acompanhamento e Avaliação
[2025-11-16 15:08:07,990] [INFO] [webscraping.deg_scraper] --- Processando página 13 de resultados do DEG ---
[2025-11-16 15:08:08,513] [INFO] [webscraping.deg_scraper] Processando: 'CPel – Comissão Permanente das Licenciaturas
[2025-11-16 15:08:09,990] [INFO] [webscraping.deg_scraper] Processando: 'CCEL – Comissão Central de Estágio das Licenciaturas
[2025-11-16 15:08:11,460] [INFO] [webscraping.deg_scraper] Processando: 'Legislações de Estágio de Licenciaturas
[2025-11-16 15:08:12,944] [INFO] [webscraping.deg_scraper] Processando: 'Manuais e Tutoriais de Estágio de Licenciaturas
[2025-11-16 15:08:14,420] [INFO] [webscraping.deg_scraper] Processando: 'Documentos e Modelos
[2025-11-16 15:08:15,955] [INFO] [webscraping.deg_scraper] Processando: 'Linhas
[2025-11-16 15:08:17,434] [INFO] [webscraping.deg_scraper] Processando: 'Projetos e Ações Realizadas
[2025-11-16 15:08:18,931] [INFO] [webscraping.deg_scraper] Processando: 'Curso de Formação Continuada – Itinerários Formativos do Novo Ensino Médio
[2025-11-16 15:08:20,407] [INFO] [webscraping.deg_scraper] Processando: 'Projeto Conexões
[2025-11-16 15:08:21,879] [INFO] [webscraping.deg_scraper] Processando: 'Histórico das Edições do Boletim das Licenciaturas
[2025-11-16 15:08:23,400] [INFO] [webscraping.deg_scraper] --- Processando página 14 de resultados do DEG ---
[2025-11-16 15:08:23,902] [INFO] [webscraping.deg_scraper] Processando: 'Expediente
[2025-11-16 15:08:25,366] [INFO] [webscraping.deg_scraper] Processando: 'Regras de Publicação
[2025-11-16 15:08:26,876] [INFO] [webscraping.deg_scraper] Processando: 'CIL – Coordenação de Integração das Licenciaturas
[2025-11-16 15:08:28,370] [INFO] [webscraping.deg_scraper] Processando: 'Formação Continuada COMFOR
[2025-11-16 15:08:29,884] [INFO] [webscraping.deg_scraper] Processando: 'LIFE – Laboratório Interdisciplinar de Formação de Educadores
[2025-11-16 15:08:31,388] [INFO] [webscraping.deg_scraper] Processando: 'PRODOCÊNCIA – Programa de Consolidação das Licenciaturas
[2025-11-16 15:08:32,891] [INFO] [webscraping.deg_scraper] Processando: 'Programa de Residência Pedagógica (PRP)
[2025-11-16 15:08:34,383] [INFO] [webscraping.deg_scraper] Processando: 'Programa Institucional de Bolsa de Iniciação à Docência (PIBID)
[2025-11-16 15:08:35,892] [INFO] [webscraping.deg_scraper] Processando: 'Boletim das Licenciaturas
[2025-11-16 15:08:36,064] [INFO] [webscraping.deg_scraper] Processando: 'Estágios Obrigatórios das Licenciaturas
[2025-11-16 15:08:37,671] [INFO] [webscraping.deg_scraper] --- Processando página 15 de resultados do DEG ---
[2025-11-16 15:08:38,186] [INFO] [webscraping.deg_scraper] Processando: 'Licenciaturas em Ação
[2025-11-16 15:08:39,683] [INFO] [webscraping.deg_scraper] Processando: 'Programas de Iniciação à docência
[2025-11-16 15:08:41,213] [INFO] [webscraping.deg_scraper] Processando: 'Cadastramento de Dados Bancários
[2025-11-16 15:08:42,710] [INFO] [webscraping.deg_scraper] Processando: 'Alteração de Dados Bancários
[2025-11-16 15:08:44,205] [INFO] [webscraping.deg_scraper] Processando: 'Devolução de Bolsas
[2025-11-16 15:08:45,679] [INFO] [webscraping.deg_scraper] Processando: 'Preenchimento do Termo de compromisso no SEI
[2025-11-16 15:08:47,178] [INFO] [webscraping.deg_scraper] Processando: 'Reintegração
[2025-11-16 15:08:48,652] [INFO] [webscraping.deg_scraper] Processando: 'Monitoria
[2025-11-16 15:08:50,174] [INFO] [webscraping.deg_scraper] Processando: 'Mobilidade Acadêmica Nacional (Convênio ANDIFES)
[2025-11-16 15:08:51,658] [INFO] [webscraping.deg_scraper] Processando: 'Matrícula
[2025-11-16 15:08:53,156] [INFO] [webscraping.deg_scraper] --- Processando página 16 de resultados do DEG ---
[2025-11-16 15:08:53,765] [INFO] [webscraping.deg_scraper] Processando: 'Projetos e Programas
[2025-11-16 15:08:55,269] [INFO] [webscraping.deg_scraper] Processando: 'CPS – Coordenação de Processos Seletivos
[2025-11-16 15:08:56,767] [INFO] [webscraping.deg_scraper] Processando: 'CPS – Coordenação de Processos Seletivos
[2025-11-16 15:08:58,245] [INFO] [webscraping.deg_scraper] Processando: 'CPE – Coordenação de Projetos e Eventos Institucionais
[2025-11-16 15:08:59,757] [INFO] [webscraping.deg_scraper] Processando: 'Programas e Projetos
[2025-11-16 15:09:01,330] [INFO] [webscraping.deg_scraper] Processando: 'CPE – Coordenação de Projetos e Eventos Institucionais
[2025-11-16 15:09:02,823] [INFO] [webscraping.deg_scraper] Processando: 'Mostra de Cursos
[2025-11-16 15:09:04,306] [INFO] [webscraping.deg_scraper] Processando: 'Programa de Gestão de Desempenho (PGD)
[2025-11-16 15:09:05,573] [INFO] [webscraping.deg_scraper] Processando: 'Organograma
[2025-11-16 15:09:07,131] [INFO] [webscraping.deg_scraper] Processando: 'Agendas do Decanato
[2025-11-16 15:09:08,634] [INFO] [webscraping.deg_scraper] --- Processando página 17 de resultados do DEG ---
[2025-11-16 15:09:09,147] [INFO] [webscraping.deg_scraper] Processando: 'Localização do Decanato
[2025-11-16 15:09:10,610] [INFO] [webscraping.deg_scraper] Processando: 'Contatos
[2025-11-16 15:09:12,118] [INFO] [webscraping.deg_scraper] Processando: 'DEG – Decanato de Ensino de Graduação
[2025-11-16 15:09:13,618] [INFO] [webscraping.deg_scraper] Processando: 'DIEG – Diretoria de Inovação para o Ensino de Graduação
[2025-11-16 15:09:15,107] [INFO] [webscraping.deg_scraper] Processando: 'DAPLI – Diretoria de Planejamento e Acompanhamento Pedagógico das Licenciaturas
[2025-11-16 15:09:16,580] [INFO] [webscraping.deg_scraper] Processando: 'DTG – Diretoria Técnica de Graduação
[2025-11-16 15:09:18,069] [INFO] [webscraping.deg_scraper] Processando: 'DAIA – Diretoria de Acompanhamento e Integração
[2025-11-16 15:09:19,573] [INFO] [webscraping.deg_scraper] Processando: 'CP – Coordenação Pedagógica
[2025-11-16 15:09:21,065] [INFO] [webscraping.deg_scraper] Processando: 'CGAT – Coordenação de Gestão de Atividades na Graduação
[2025-11-16 15:09:22,530] [INFO] [webscraping.deg_scraper] Processando: 'CESG – Coordenação de Estágios da Graduação
[2025-11-16 15:09:24,051] [INFO] [webscraping.deg_scraper] --- Processando página 18 de resultados do DEG ---
[2025-11-16 15:09:24,605] [INFO] [webscraping.deg_scraper] Processando: 'CAEG – Coordenação de Acompanhamento de Ensino de Graduação
[2025-11-16 15:09:26,088] [INFO] [webscraping.deg_scraper] Processando: 'CAA – Coordenação de Acompanhamento Acadêmico
[2025-11-16 15:09:27,574] [INFO] [webscraping.deg_scraper] Processando: 'Estágio das Licenciaturas
[2025-11-16 15:09:29,074] [INFO] [webscraping.deg_scraper] Processando: 'Perguntas Frequentes para Estudantes Sobre
[2025-11-16 15:09:30,586] [INFO] [webscraping.deg_scraper] Processando: 'Perguntas Frequentes para Coordenação Sobre
[2025-11-16 15:09:32,113] [INFO] [webscraping.deg_scraper] Processando: 'Perguntas Frequentes para Docente Sobre
[2025-11-16 15:09:33,605] [INFO] [webscraping.deg_scraper] Processando: 'Avaliação de Cursos – Visitas in Loco (e-MEC)
[2025-11-16 15:09:33,798] [INFO] [webscraping.deg_scraper] Processando: 'Avaliação de Disciplinas e Desempenho Docente
[2025-11-16 15:09:35,266] [INFO] [webscraping.deg_scraper] Processando: 'Exame Nacional de Desempenho de Estudantes – Enade
[2025-11-16 15:09:36,808] [INFO] [webscraping.deg_scraper] Processando: 'Avaliação de Cursos
[2025-11-16 15:09:38,311] [INFO] [webscraping.deg_scraper] --- Processando página 19 de resultados do DEG ---
[2025-11-16 15:09:38,896] [INFO] [webscraping.deg_scraper] Processando: 'Estágio de Graduação
[2025-11-16 15:09:40,426] [INFO] [webscraping.deg_scraper] Processando: 'Projeto Pedagógico de Curso – PPC
[2025-11-16 15:09:41,930] [INFO] [webscraping.deg_scraper] Processando: 'Tramitação de processo de criação / reformulação de projetos pedagógicos
[2025-11-16 15:09:43,475] [INFO] [webscraping.deg_scraper] Processando: 'Anexos do PPC (templates)
[2025-11-16 15:09:44,968] [INFO] [webscraping.deg_scraper] Processando: 'Checklist do PPC: itens estruturais, documentos e normativas aplicáveis
[2025-11-16 15:09:46,466] [INFO] [webscraping.deg_scraper] Processando: 'Manuais e Tutoriais
[2025-11-16 15:09:47,965] [INFO] [webscraping.deg_scraper] Processando: 'Diretoria DTG
[2025-11-16 15:09:49,457] [INFO] [webscraping.deg_scraper] Processando: 'Histórico de Notícias da Mostra de Cursos
[2025-11-16 15:09:50,983] [INFO] [webscraping.deg_scraper] Processando: 'Legislações
[2025-11-16 15:09:52,475] [INFO] [webscraping.deg_scraper] Processando: 'Legislações – Normas sobre o Projeto Pedagógico dos Cursos de Graduação – PPC
[2025-11-16 15:09:53,969] [INFO] [webscraping.deg_scraper] --- Processando página 20 de resultados do DEG ---
[2025-11-16 15:09:54,619] [INFO] [webscraping.deg_scraper] Processando: 'Legislações – Estudante
[2025-11-16 15:09:56,145] [INFO] [webscraping.deg_scraper] Processando: 'Manuais e Tutoriais para Coordenações/Secretarias
[2025-11-16 15:09:57,621] [INFO] [webscraping.deg_scraper] Processando: 'Mobilidade Acadêmica Nacional
[2025-11-16 15:09:59,152] [INFO] [webscraping.deg_scraper] Processando: 'Reintegração
[2025-11-16 15:10:00,648] [INFO] [webscraping.deg_scraper] Processando: 'Tutoria
[2025-11-16 15:10:02,142] [INFO] [webscraping.deg_scraper] Processando: 'Monitoria
[2025-11-16 15:10:02,338] [INFO] [webscraping.deg_scraper] Processando: 'Editais para Estudante
[2025-11-16 15:10:03,928] [INFO] [webscraping.deg_scraper] Processando: 'PET – Programa de Educação Tutorial
[2025-11-16 15:10:05,439] [INFO] [webscraping.deg_scraper] Processando: 'Raízes
[2025-11-16 15:10:06,945] [INFO] [webscraping.deg_scraper] Processando: 'A3M
[2025-11-16 15:10:08,412] [INFO] [webscraping.deg_scraper] --- Processando página 21 de resultados do DEG ---
[2025-11-16 15:10:08,962] [INFO] [webscraping.deg_scraper] Processando: 'Elos
[2025-11-16 15:10:10,449] [INFO] [webscraping.deg_scraper] Processando: 'Matrícula
[2025-11-16 15:10:11,921] [INFO] [webscraping.deg_scraper] Processando: 'Diretoria DAIA
[2025-11-16 15:10:13,456] [INFO] [webscraping.deg_scraper] Processando: 'Editais de Licenciaturas
[2025-11-16 15:10:15,028] [INFO] [webscraping.deg_scraper] Processando: 'Editais 2024
[2025-11-16 15:10:16,592] [INFO] [webscraping.deg_scraper] Processando: 'Organização
[2025-11-16 15:10:18,070] [INFO] [webscraping.deg_scraper] Processando: 'Coordenação
[2025-11-16 15:10:19,653] [INFO] [webscraping.deg_scraper] Processando: 'Docente
[2025-11-16 15:10:21,138] [INFO] [webscraping.deg_scraper] Processando: 'Estudante
[2025-11-16 15:10:22,702] [INFO] [webscraping.deg_scraper] Processando: 'Editais 2023
[2025-11-16 15:10:24,298] [INFO] [webscraping.deg_scraper] --- Processando página 22 de resultados do DEG ---
[2025-11-16 15:10:24,857] [INFO] [webscraping.deg_scraper] Processando: 'Editais remover
[2025-11-16 15:10:26,327] [INFO] [webscraping.deg_scraper] Processando: 'Edital DEG/DAPLI Nº 09/2024 – Chamada de Projetos de Participação no Programa Institucional de Bolsas de Iniciação à Docência – PIBID
[2025-11-16 15:10:27,793] [INFO] [webscraping.deg_scraper] Processando: 'Edital DEG/DAPLI Nº 08/2024 – Chamada para a Seleção de Coordenador(a) Institucional do Programa Institucional de Bolsa de Iniciação à Docência – PIBID
[2025-11-16 15:10:29,265] [INFO] [webscraping.deg_scraper] Processando: 'Edital DEG Nº 05/2024 – Seleção de Bolsistas de Graduação e Pós-Graduação para Atuação no Apoio aos Projetos de Suporte Acadêmico do Decanato de Ensino de Graduação
[2025-11-16 15:10:30,744] [INFO] [webscraping.deg_scraper] Processando: 'Edital Conjunto Nº 03/DEG/IE/2024 – Programa Elos Darcy Ribeiro
[2025-11-16 15:10:30,954] [INFO] [webscraping.deg_scraper] Processando: 'Edital Conjunto N° 02/DEG/FGA/2024 – Programa Elos FGA
[2025-11-16 15:10:32,469] [INFO] [webscraping.deg_scraper] Processando: 'Edital DEG Nº 01/2024 – Seleção de Tutor PET – Ceilândia
[2025-11-16 15:10:33,952] [INFO] [webscraping.deg_scraper] Processando: 'Edital DEG/DAIA Nº 41/2023 – Programa de Tutoria de Graduação para o Semestre 1º/2024
[2025-11-16 15:10:35,428] [INFO] [webscraping.deg_scraper] Processando: 'Edital Conjunto DEG/DEX Nº 40/2023 – Licenciaturas em Ação/2024
[2025-11-16 15:10:36,928] [INFO] [webscraping.deg_scraper] Processando: 'Edital Administrativo DEG Nº 01 de 2023 – Processo Seletivo para o Programa de Gestão e Desempenho nas Modalidades Presencial e Teletrabalho
[2025-11-16 15:10:38,384] [INFO] [webscraping.deg_scraper] --- Processando página 23 de resultados do DEG ---
[2025-11-16 15:10:38,914] [INFO] [webscraping.deg_scraper] Processando: 'Mostra de Cursos 2023
[2025-11-16 15:10:40,384] [INFO] [webscraping.deg_scraper] Processando: 'Edital DEG/DAIA Nº 34/2023 – Apoio à Participação de Estudantes de Graduação em Eventos no Brasil ou no Exterior (ENCERRADO)
[2025-11-16 15:10:41,865] [INFO] [webscraping.deg_scraper] Processando: 'Contato Mensagem
[2025-11-16 15:10:43,363] [INFO] [webscraping.deg_scraper] Processando: 'Edital Conjunto DEG/SDH Nº 27/2023 – Pré-Seleção de Estudantes do Programa PEC-G para a Bolsa Mérito 2023/2
[2025-11-16 15:10:44,880] [INFO] [webscraping.deg_scraper] Processando: 'Página Inicial
[2025-11-16 15:10:46,411] [INFO] [webscraping.deg_scraper] Processando: 'Editais de Seleção de Residentes e Preceptores do Programa Residência Pedagógica de 2023
[2025-11-16 15:10:47,890] [INFO] [webscraping.deg_scraper] Processando: 'Edital Conjunto DEG/DEX Nº 01/2023 – Licenciaturas em Ação
[2025-11-16 15:10:49,401] [INFO] [webscraping.deg_scraper] Processando: 'Mostra de Cursos 2022
[2025-11-16 15:10:50,865] [INFO] [webscraping.deg_scraper] Processando: 'Mostra de Cursos 2021
[2025-11-16 15:10:52,340] [INFO] [webscraping.deg_scraper] Processando: 'Edital Conjunto DEX/DEG/CIL N° 01/2021 – Licenciaturas em Ação/2021
[2025-11-16 15:10:53,809] [INFO] [webscraping.deg_scraper] --- Processando página 24 de resultados do DEG ---
[2025-11-16 15:10:54,409] [INFO] [webscraping.deg_scraper] Processando: 'Mostra de Cursos 2020
[2025-11-16 15:10:55,915] [INFO] [webscraping.deg_scraper] Processando: 'Edital DEG nº 17/2020 – Seleção de Professores Preceptores do Programa de Residência Pedagógica 2020
[2025-11-16 15:10:57,419] [INFO] [webscraping.deg_scraper] Processando: 'Edital DEG nº 14/2020 – Edital de Seleção de Estudantes Bolsistas para o Programa Institucional de Bolsas de Iniciação à Docência-PIBID
[2025-11-16 15:10:58,914] [INFO] [webscraping.deg_scraper] Processando: 'Mostra de Cursos 2019
[2025-11-16 15:10:59,837] [INFO] [webscraping.deg_scraper] Processando: 'Seleção de Bolsistas – Edital DEG/DEX/DAC nº 20/2019
[2025-11-16 15:11:00,601] [INFO] [webscraping.deg_scraper] Processando: 'Mostra de Cursos 2018
[2025-11-16 15:11:02,080] [INFO] [webscraping.deg_scraper] Processando: 'Mostra de Cursos 2017
[2025-11-16 15:11:03,563] [INFO] [webscraping.deg_scraper] Processando: 'Edital DEG/DAC/CEAD N° 0001-2017 – Apoio a projetos voltados ao desenvolvimento de metodologias educacionais inovadoras
[2025-11-16 15:11:05,040] [INFO] [webscraping.deg_scraper] --- Processando página 25 de resultados do DEG ---
[2025-11-16 15:11:05,484] [WARNING] [webscraping.deg_scraper] Página 25 não encontrada ou sem resultados. Parando.
[2025-11-16 15:11:05,484] [INFO] [webscraping.deg_scraper] Scraping do DEG finalizado.
[2025-11-16 15:11:05,485] [INFO] [__main__] DEG finalizado com sucesso (238 docs)
[2025-11-16 15:11:05,485] [INFO] [__main__] Coleta de dados finalizada
[2025-11-16 15:11:05,485] [INFO] [__main__] Total de 238 documentos coletados.
[2025-11-16 15:11:05,508] [INFO] [__main__] Processo concluído! 238 documentos salvos em 'unb_data.json'.
[2025-11-16 15:11:05,508] [INFO] [__main__] Iniciando ingestão automática no banco vetorial Qdrant...
[2025-11-16 15:11:05,509] [ERROR] [__main__] ❌ Erro ao executar ingestão automática. Execute 'python server/app/ingest.py' manualmente.
Traceback (most recent call last):
  File "/app/main.py", line 44, in main
    result = subprocess.run(
             ^^^^^^^^^^^^^^^
  File "/usr/local/lib/python3.11/subprocess.py", line 548, in run
    with Popen(*popenargs, **kwargs) as process:
         ^^^^^^^^^^^^^^^^^^^^^^^^^^^
  File "/usr/local/lib/python3.11/subprocess.py", line 1026, in __init__
    self._execute_child(args, executable, preexec_fn, close_fds,
  File "/usr/local/lib/python3.11/subprocess.py", line 1955, in _execute_child
    raise child_exception_type(errno_num, err_msg, err_filename)
FileNotFoundError: [Errno 2] No such file or directory: '/app/../server'
